# JRE version: OpenJDK Runtime Environment Temurin-21.0.10+7 (21.0.10+7) (build 21.0.10+7-LTS)
# Java VM: OpenJDK 64-Bit Server VM Temurin-21.0.10+7 (21.0.10+7-LTS, mixed mode, sharing, tiered, compressed oops, compressed class ptrs, parallel gc, windows-amd64)
GC Precious Log:
 CardTable entry size: 512
 CPUs: 12 total, 12 available
 Memory: 7835M
 Large Page Support: Disabled
 NUMA Support: Disabled
 Compressed Oops: Enabled (32-bit)
 Alignments: Space 512K, Generation 512K, Heap 2M
 Heap Min Capacity: 100M
 Heap Initial Capacity: 100M
 Heap Max Capacity: 2G
 Pre-touch: Disabled
 Parallel Workers: 10
Heap:
 PSYoungGen      total 22016K, used 18382K [0x00000000d5580000, 0x00000000d7100000, 0x0000000100000000)
  eden space 18432K, 82% used [0x00000000d5580000,0x00000000d646c760,0x00000000d6780000)
  from space 3584K, 86% used [0x00000000d6d80000,0x00000000d7087300,0x00000000d7100000)
  to   space 4096K, 0% used [0x00000000d6900000,0x00000000d6900000,0x00000000d6d00000)
 ParOldGen       total 116736K, used 116572K [0x0000000080000000, 0x0000000087200000, 0x00000000d5580000)
  object space 116736K, 99% used [0x0000000080000000,0x00000000871d7250,0x0000000087200000)
 Metaspace       used 61493K, committed 62976K, reserved 1114112K
  class space    used 6530K, committed 7232K, reserved 1048576K
GC Heap History (20 events):
Event: 31.228 GC heap before
{Heap before GC invocations=93 (full 4):
 PSYoungGen      total 17920K, used 17813K [0x00000000d5580000, 0x00000000d6b80000, 0x0000000100000000)
  eden space 14848K, 100% used [0x00000000d5580000,0x00000000d6400000,0x00000000d6400000)
  from space 3072K, 96% used [0x00000000d6880000,0x00000000d6b65460,0x00000000d6b80000)
  to   space 3584K, 0% used [0x00000000d6480000,0x00000000d6480000,0x00000000d6800000)
 ParOldGen       total 93696K, used 93250K [0x0000000080000000, 0x0000000085b80000, 0x00000000d5580000)
  object space 93696K, 99% used [0x0000000080000000,0x0000000085b109b8,0x0000000085b80000)
 Metaspace       used 61319K, committed 62784K, reserved 1114112K
  class space    used 6527K, committed 7232K, reserved 1048576K
}
Event: 31.233 GC heap after
{Heap after GC invocations=93 (full 4):
 PSYoungGen      total 18432K, used 3557K [0x00000000d5580000, 0x00000000d6f00000, 0x0000000100000000)
  eden space 14848K, 0% used [0x00000000d5580000,0x00000000d5580000,0x00000000d6400000)
  from space 3584K, 99% used [0x00000000d6480000,0x00000000d67f9520,0x00000000d6800000)
  to   space 5632K, 0% used [0x00000000d6980000,0x00000000d6980000,0x00000000d6f00000)
 ParOldGen       total 94720K, used 94624K [0x0000000080000000, 0x0000000085c80000, 0x00000000d5580000)
  object space 94720K, 99% used [0x0000000080000000,0x0000000085c683f8,0x0000000085c80000)
 Metaspace       used 61319K, committed 62784K, reserved 1114112K
  class space    used 6527K, committed 7232K, reserved 1048576K
}
Event: 31.328 GC heap before
{Heap before GC invocations=94 (full 4):
 PSYoungGen      total 18432K, used 18405K [0x00000000d5580000, 0x00000000d6f00000, 0x0000000100000000)
  eden space 14848K, 100% used [0x00000000d5580000,0x00000000d6400000,0x00000000d6400000)
  from space 3584K, 99% used [0x00000000d6480000,0x00000000d67f9520,0x00000000d6800000)
  to   space 5632K, 0% used [0x00000000d6980000,0x00000000d6980000,0x00000000d6f00000)
 ParOldGen       total 94720K, used 94624K [0x0000000080000000, 0x0000000085c80000, 0x00000000d5580000)
  object space 94720K, 99% used [0x0000000080000000,0x0000000085c683f8,0x0000000085c80000)
 Metaspace       used 61360K, committed 62848K, reserved 1114112K
  class space    used 6528K, committed 7232K, reserved 1048576K
}
Event: 31.333 GC heap after
{Heap after GC invocations=94 (full 4):
 PSYoungGen      total 17920K, used 3021K [0x00000000d5580000, 0x00000000d6c80000, 0x0000000100000000)
  eden space 14848K, 0% used [0x00000000d5580000,0x00000000d5580000,0x00000000d6400000)
  from space 3072K, 98% used [0x00000000d6980000,0x00000000d6c73530,0x00000000d6c80000)
  to   space 4096K, 0% used [0x00000000d6480000,0x00000000d6480000,0x00000000d6880000)
 ParOldGen       total 98304K, used 98190K [0x0000000080000000, 0x0000000086000000, 0x00000000d5580000)
  object space 98304K, 99% used [0x0000000080000000,0x0000000085fe3b30,0x0000000086000000)
 Metaspace       used 61360K, committed 62848K, reserved 1114112K
  class space    used 6528K, committed 7232K, reserved 1048576K
}
Event: 31.405 GC heap before
{Heap before GC invocations=95 (full 4):
 PSYoungGen      total 17920K, used 17854K [0x00000000d5580000, 0x00000000d6c80000, 0x0000000100000000)
  eden space 14848K, 99% used [0x00000000d5580000,0x00000000d63fc570,0x00000000d6400000)
  from space 3072K, 98% used [0x00000000d6980000,0x00000000d6c73530,0x00000000d6c80000)
  to   space 4096K, 0% used [0x00000000d6480000,0x00000000d6480000,0x00000000d6880000)
 ParOldGen       total 98304K, used 98190K [0x0000000080000000, 0x0000000086000000, 0x00000000d5580000)
  object space 98304K, 99% used [0x0000000080000000,0x0000000085fe3b30,0x0000000086000000)
 Metaspace       used 61373K, committed 62848K, reserved 1114112K
  class space    used 6528K, committed 7232K, reserved 1048576K
}
Event: 31.409 GC heap after
{Heap after GC invocations=95 (full 4):
 PSYoungGen      total 19456K, used 4082K [0x00000000d5580000, 0x00000000d7000000, 0x0000000100000000)
  eden space 15360K, 0% used [0x00000000d5580000,0x00000000d5580000,0x00000000d6480000)
  from space 4096K, 99% used [0x00000000d6480000,0x00000000d687c8e8,0x00000000d6880000)
  to   space 5632K, 0% used [0x00000000d6a80000,0x00000000d6a80000,0x00000000d7000000)
 ParOldGen       total 99328K, used 99133K [0x0000000080000000, 0x0000000086100000, 0x00000000d5580000)
  object space 99328K, 99% used [0x0000000080000000,0x00000000860cf7a0,0x0000000086100000)
 Metaspace       used 61373K, committed 62848K, reserved 1114112K
  class space    used 6528K, committed 7232K, reserved 1048576K
}
Event: 31.489 GC heap before
{Heap before GC invocations=96 (full 4):
 PSYoungGen      total 19456K, used 19442K [0x00000000d5580000, 0x00000000d7000000, 0x0000000100000000)
  eden space 15360K, 100% used [0x00000000d5580000,0x00000000d6480000,0x00000000d6480000)
  from space 4096K, 99% used [0x00000000d6480000,0x00000000d687c8e8,0x00000000d6880000)
  to   space 5632K, 0% used [0x00000000d6a80000,0x00000000d6a80000,0x00000000d7000000)
 ParOldGen       total 99328K, used 99133K [0x0000000080000000, 0x0000000086100000, 0x00000000d5580000)
  object space 99328K, 99% used [0x0000000080000000,0x00000000860cf7a0,0x0000000086100000)
 Metaspace       used 61397K, committed 62912K, reserved 1114112K
  class space    used 6528K, committed 7232K, reserved 1048576K
}
Event: 31.493 GC heap after
{Heap after GC invocations=96 (full 4):
 PSYoungGen      total 18944K, used 2425K [0x00000000d5580000, 0x00000000d6d00000, 0x0000000100000000)
  eden space 16384K, 0% used [0x00000000d5580000,0x00000000d5580000,0x00000000d6580000)
  from space 2560K, 94% used [0x00000000d6a80000,0x00000000d6cde5c0,0x00000000d6d00000)
  to   space 3584K, 0% used [0x00000000d6600000,0x00000000d6600000,0x00000000d6980000)
 ParOldGen       total 103424K, used 103176K [0x0000000080000000, 0x0000000086500000, 0x00000000d5580000)
  object space 103424K, 99% used [0x0000000080000000,0x00000000864c22b0,0x0000000086500000)
 Metaspace       used 61397K, committed 62912K, reserved 1114112K
  class space    used 6528K, committed 7232K, reserved 1048576K
}
Event: 31.553 GC heap before
{Heap before GC invocations=97 (full 4):
 PSYoungGen      total 18944K, used 18809K [0x00000000d5580000, 0x00000000d6d00000, 0x0000000100000000)
  eden space 16384K, 100% used [0x00000000d5580000,0x00000000d6580000,0x00000000d6580000)
  from space 2560K, 94% used [0x00000000d6a80000,0x00000000d6cde5c0,0x00000000d6d00000)
  to   space 3584K, 0% used [0x00000000d6600000,0x00000000d6600000,0x00000000d6980000)
 ParOldGen       total 103424K, used 103176K [0x0000000080000000, 0x0000000086500000, 0x00000000d5580000)
  object space 103424K, 99% used [0x0000000080000000,0x00000000864c22c8,0x0000000086500000)
 Metaspace       used 61446K, committed 62976K, reserved 1114112K
  class space    used 6529K, committed 7232K, reserved 1048576K
}
Event: 31.555 GC heap after
{Heap after GC invocations=97 (full 4):
 PSYoungGen      total 19968K, used 3561K [0x00000000d5580000, 0x00000000d6e80000, 0x0000000100000000)
  eden space 16384K, 0% used [0x00000000d5580000,0x00000000d5580000,0x00000000d6580000)
  from space 3584K, 99% used [0x00000000d6600000,0x00000000d697a4a8,0x00000000d6980000)
  to   space 4608K, 0% used [0x00000000d6a00000,0x00000000d6a00000,0x00000000d6e80000)
 ParOldGen       total 103936K, used 103732K [0x0000000080000000, 0x0000000086580000, 0x00000000d5580000)
  object space 103936K, 99% used [0x0000000080000000,0x000000008654d060,0x0000000086580000)
 Metaspace       used 61446K, committed 62976K, reserved 1114112K
  class space    used 6529K, committed 7232K, reserved 1048576K
}
Event: 31.642 GC heap before
{Heap before GC invocations=98 (full 4):
 PSYoungGen      total 19968K, used 19945K [0x00000000d5580000, 0x00000000d6e80000, 0x0000000100000000)
  eden space 16384K, 100% used [0x00000000d5580000,0x00000000d6580000,0x00000000d6580000)
  from space 3584K, 99% used [0x00000000d6600000,0x00000000d697a4a8,0x00000000d6980000)
  to   space 4608K, 0% used [0x00000000d6a00000,0x00000000d6a00000,0x00000000d6e80000)
 ParOldGen       total 103936K, used 103739K [0x0000000080000000, 0x0000000086580000, 0x00000000d5580000)
  object space 103936K, 99% used [0x0000000080000000,0x000000008654edc8,0x0000000086580000)
 Metaspace       used 61479K, committed 62976K, reserved 1114112K
  class space    used 6530K, committed 7232K, reserved 1048576K
}
Event: 31.647 GC heap after
{Heap after GC invocations=98 (full 4):
 PSYoungGen      total 19968K, used 2163K [0x00000000d5580000, 0x00000000d6c80000, 0x0000000100000000)
  eden space 17408K, 0% used [0x00000000d5580000,0x00000000d5580000,0x00000000d6680000)
  from space 2560K, 84% used [0x00000000d6a00000,0x00000000d6c1cf30,0x00000000d6c80000)
  to   space 3072K, 0% used [0x00000000d6680000,0x00000000d6680000,0x00000000d6980000)
 ParOldGen       total 107008K, used 106928K [0x0000000080000000, 0x0000000086880000, 0x00000000d5580000)
  object space 107008K, 99% used [0x0000000080000000,0x000000008686c168,0x0000000086880000)
 Metaspace       used 61479K, committed 62976K, reserved 1114112K
  class space    used 6530K, committed 7232K, reserved 1048576K
}
Event: 31.721 GC heap before
{Heap before GC invocations=99 (full 4):
 PSYoungGen      total 19968K, used 19571K [0x00000000d5580000, 0x00000000d6c80000, 0x0000000100000000)
  eden space 17408K, 100% used [0x00000000d5580000,0x00000000d6680000,0x00000000d6680000)
  from space 2560K, 84% used [0x00000000d6a00000,0x00000000d6c1cf30,0x00000000d6c80000)
  to   space 3072K, 0% used [0x00000000d6680000,0x00000000d6680000,0x00000000d6980000)
 ParOldGen       total 107008K, used 106928K [0x0000000080000000, 0x0000000086880000, 0x00000000d5580000)
  object space 107008K, 99% used [0x0000000080000000,0x000000008686c168,0x0000000086880000)
 Metaspace       used 61491K, committed 62976K, reserved 1114112K
  class space    used 6530K, committed 7232K, reserved 1048576K
}
Event: 31.724 GC heap after
{Heap after GC invocations=99 (full 4):
 PSYoungGen      total 20480K, used 3051K [0x00000000d5580000, 0x00000000d7180000, 0x0000000100000000)
  eden space 17408K, 0% used [0x00000000d5580000,0x00000000d5580000,0x00000000d6680000)
  from space 3072K, 99% used [0x00000000d6680000,0x00000000d697ac30,0x00000000d6980000)
  to   space 5120K, 0% used [0x00000000d6c80000,0x00000000d6c80000,0x00000000d7180000)
 ParOldGen       total 108544K, used 108306K [0x0000000080000000, 0x0000000086a00000, 0x00000000d5580000)
  object space 108544K, 99% used [0x0000000080000000,0x00000000869c4b48,0x0000000086a00000)
 Metaspace       used 61491K, committed 62976K, reserved 1114112K
  class space    used 6530K, committed 7232K, reserved 1048576K
}
Event: 31.828 GC heap before
{Heap before GC invocations=100 (full 4):
 PSYoungGen      total 20480K, used 20459K [0x00000000d5580000, 0x00000000d7180000, 0x0000000100000000)
  eden space 17408K, 100% used [0x00000000d5580000,0x00000000d6680000,0x00000000d6680000)
  from space 3072K, 99% used [0x00000000d6680000,0x00000000d697ac30,0x00000000d6980000)
  to   space 5120K, 0% used [0x00000000d6c80000,0x00000000d6c80000,0x00000000d7180000)
 ParOldGen       total 108544K, used 108306K [0x0000000080000000, 0x0000000086a00000, 0x00000000d5580000)
  object space 108544K, 99% used [0x0000000080000000,0x00000000869c4b48,0x0000000086a00000)
 Metaspace       used 61493K, committed 62976K, reserved 1114112K
  class space    used 6530K, committed 7232K, reserved 1048576K
}
Event: 31.832 GC heap after
{Heap after GC invocations=100 (full 4):
 PSYoungGen      total 21504K, used 2907K [0x00000000d5580000, 0x00000000d6f80000, 0x0000000100000000)
  eden space 18432K, 0% used [0x00000000d5580000,0x00000000d5580000,0x00000000d6780000)
  from space 3072K, 94% used [0x00000000d6c80000,0x00000000d6f56f88,0x00000000d6f80000)
  to   space 3584K, 0% used [0x00000000d6880000,0x00000000d6880000,0x00000000d6c00000)
 ParOldGen       total 111616K, used 111269K [0x0000000080000000, 0x0000000086d00000, 0x00000000d5580000)
  object space 111616K, 99% used [0x0000000080000000,0x0000000086ca96c0,0x0000000086d00000)
 Metaspace       used 61493K, committed 62976K, reserved 1114112K
  class space    used 6530K, committed 7232K, reserved 1048576K
}
Event: 31.943 GC heap before
{Heap before GC invocations=101 (full 4):
 PSYoungGen      total 21504K, used 21339K [0x00000000d5580000, 0x00000000d6f80000, 0x0000000100000000)
  eden space 18432K, 100% used [0x00000000d5580000,0x00000000d6780000,0x00000000d6780000)
  from space 3072K, 94% used [0x00000000d6c80000,0x00000000d6f56f88,0x00000000d6f80000)
  to   space 3584K, 0% used [0x00000000d6880000,0x00000000d6880000,0x00000000d6c00000)
 ParOldGen       total 111616K, used 111269K [0x0000000080000000, 0x0000000086d00000, 0x00000000d5580000)
  object space 111616K, 99% used [0x0000000080000000,0x0000000086ca96c0,0x0000000086d00000)
 Metaspace       used 61493K, committed 62976K, reserved 1114112K
  class space    used 6530K, committed 7232K, reserved 1048576K
}
Event: 31.946 GC heap after
{Heap after GC invocations=101 (full 4):
 PSYoungGen      total 22016K, used 3579K [0x00000000d5580000, 0x00000000d7380000, 0x0000000100000000)
  eden space 18432K, 0% used [0x00000000d5580000,0x00000000d5580000,0x00000000d6780000)
  from space 3584K, 99% used [0x00000000d6880000,0x00000000d6bfefa0,0x00000000d6c00000)
  to   space 6144K, 0% used [0x00000000d6d80000,0x00000000d6d80000,0x00000000d7380000)
 ParOldGen       total 113152K, used 113056K [0x0000000080000000, 0x0000000086e80000, 0x00000000d5580000)
  object space 113152K, 99% used [0x0000000080000000,0x0000000086e68088,0x0000000086e80000)
 Metaspace       used 61493K, committed 62976K, reserved 1114112K
  class space    used 6530K, committed 7232K, reserved 1048576K
}
Event: 32.062 GC heap before
{Heap before GC invocations=102 (full 4):
 PSYoungGen      total 22016K, used 22011K [0x00000000d5580000, 0x00000000d7380000, 0x0000000100000000)
  eden space 18432K, 100% used [0x00000000d5580000,0x00000000d6780000,0x00000000d6780000)
  from space 3584K, 99% used [0x00000000d6880000,0x00000000d6bfefa0,0x00000000d6c00000)
  to   space 6144K, 0% used [0x00000000d6d80000,0x00000000d6d80000,0x00000000d7380000)
 ParOldGen       total 113152K, used 113056K [0x0000000080000000, 0x0000000086e80000, 0x00000000d5580000)
  object space 113152K, 99% used [0x0000000080000000,0x0000000086e68088,0x0000000086e80000)
 Metaspace       used 61493K, committed 62976K, reserved 1114112K
  class space    used 6530K, committed 7232K, reserved 1048576K
}
Event: 32.066 GC heap after
{Heap after GC invocations=102 (full 4):
 PSYoungGen      total 22016K, used 3100K [0x00000000d5580000, 0x00000000d7100000, 0x0000000100000000)
  eden space 18432K, 0% used [0x00000000d5580000,0x00000000d5580000,0x00000000d6780000)
  from space 3584K, 86% used [0x00000000d6d80000,0x00000000d7087300,0x00000000d7100000)
  to   space 4096K, 0% used [0x00000000d6900000,0x00000000d6900000,0x00000000d6d00000)
 ParOldGen       total 116736K, used 116572K [0x0000000080000000, 0x0000000087200000, 0x00000000d5580000)
  object space 116736K, 99% used [0x0000000080000000,0x00000000871d7250,0x0000000087200000)
 Metaspace       used 61493K, committed 62976K, reserved 1114112K
  class space    used 6530K, committed 7232K, reserved 1048576K
}

